<?xml version="1.0" encoding="UTF-8"?>
<testsuite name="spark.template.mustache.MustacheTemplateEngineTest" tests="1" skipped="0" failures="0" errors="0" timestamp="2017-11-25T03:23:51" hostname="ToshiharuN-no-MacBook-Air.local" time="0.034">
  <properties/>
  <testcase name="test_render" classname="spark.template.mustache.MustacheTemplateEngineTest" time="0.034"/>
  <system-out><![CDATA[]]></system-out>
  <system-err><![CDATA[]]></system-err>
</testsuite>
